This is pdfTeX, Version 3.1415926-2.5-1.40.14 (MiKTeX 2.9 64-bit) (preloaded format=pdflatex 2014.12.30)  3 JAN 2015 19:21
entering extended mode
**main.tex

("C:\Users\Mauricio\Google Drive\My teaching\Latex\Book\Document (one file)\mai
n.tex"
LaTeX2e <2011/06/27>
Babel <v3.8m> and hyphenation patterns for english, afrikaans, ancientgreek, ar
abic, armenian, assamese, basque, bengali, bokmal, bulgarian, catalan, coptic, 
croatian, czech, danish, dutch, esperanto, estonian, farsi, finnish, french, ga
lician, german, german-x-2013-05-26, greek, gujarati, hindi, hungarian, iceland
ic, indonesian, interlingua, irish, italian, kannada, kurmanji, latin, latvian,
 lithuanian, malayalam, marathi, mongolian, mongolianlmc, monogreek, ngerman, n
german-x-2013-05-26, nynorsk, oriya, panjabi, pinyin, polish, portuguese, roman
ian, russian, sanskrit, serbian, slovak, slovenian, spanish, swedish, swissgerm
an, tamil, telugu, turkish, turkmen, ukenglish, ukrainian, uppersorbian, usengl
ishmax, welsh, loaded.
("C:\Program Files\MiKTeX 2.9\tex\latex\base\book.cls"
Document Class: book 2007/10/19 v1.4h Standard LaTeX document class
("C:\Program Files\MiKTeX 2.9\tex\latex\base\bk10.clo"
File: bk10.clo 2007/10/19 v1.4h Standard LaTeX file (size option)
)
\c@part=\count79
\c@chapter=\count80
\c@section=\count81
\c@subsection=\count82
\c@subsubsection=\count83
\c@paragraph=\count84
\c@subparagraph=\count85
\c@figure=\count86
\c@table=\count87
\abovecaptionskip=\skip41
\belowcaptionskip=\skip42
\bibindent=\dimen102
)
("C:\Users\Mauricio\Google Drive\My teaching\Latex\Book\Document (one file)\set
tings/packages.tex"
(C:\Users\Mauricio\AppData\Roaming\MiKTeX\2.9\tex\latex\blindtext\blindtext.sty
Package: blindtext 2012/01/06 V2.0 blindtext-Package
("C:\Program Files\MiKTeX 2.9\tex\latex\tools\xspace.sty"
Package: xspace 2009/10/20 v1.13 Space after command names (DPC,MH)
)
\c@blindtext=\count88
\c@Blindtext=\count89
\c@blind@countparstart=\count90
\blind@countxx=\count91
\blindtext@numBlindtext=\count92
\blind@countyy=\count93
\c@blindlist=\count94
\c@blindlistlevel=\count95
\c@blindlist@level=\count96
\blind@listitem=\count97
\c@blind@listcount=\count98
\c@blind@levelcount=\count99
\blind@mathformula=\count100
\blind@Mathformula=\count101
\c@blind@randomcount=\count102
\c@blind@randommax=\count103
\c@blind@pangramcount=\count104
\c@blind@pangrammax=\count105
)
("C:\Program Files\MiKTeX 2.9\tex\latex\amsmath\amsmath.sty"
Package: amsmath 2013/01/14 v2.14 AMS math features
\@mathmargin=\skip43

For additional information on amsmath, use the `?' option.
("C:\Program Files\MiKTeX 2.9\tex\latex\amsmath\amstext.sty"
Package: amstext 2000/06/29 v2.01

("C:\Program Files\MiKTeX 2.9\tex\latex\amsmath\amsgen.sty"
File: amsgen.sty 1999/11/30 v2.0
\@emptytoks=\toks14
\ex@=\dimen103
))
("C:\Program Files\MiKTeX 2.9\tex\latex\amsmath\amsbsy.sty"
Package: amsbsy 1999/11/29 v1.2d
\pmbraise@=\dimen104
)
("C:\Program Files\MiKTeX 2.9\tex\latex\amsmath\amsopn.sty"
Package: amsopn 1999/12/14 v2.01 operator names
)
\inf@bad=\count106
LaTeX Info: Redefining \frac on input line 210.
\uproot@=\count107
\leftroot@=\count108
LaTeX Info: Redefining \overline on input line 306.
\classnum@=\count109
\DOTSCASE@=\count110
LaTeX Info: Redefining \ldots on input line 378.
LaTeX Info: Redefining \dots on input line 381.
LaTeX Info: Redefining \cdots on input line 466.
\Mathstrutbox@=\box26
\strutbox@=\box27
\big@size=\dimen105
LaTeX Font Info:    Redeclaring font encoding OML on input line 566.
LaTeX Font Info:    Redeclaring font encoding OMS on input line 567.
\macc@depth=\count111
\c@MaxMatrixCols=\count112
\dotsspace@=\muskip10
\c@parentequation=\count113
\dspbrk@lvl=\count114
\tag@help=\toks15
\row@=\count115
\column@=\count116
\maxfields@=\count117
\andhelp@=\toks16
\eqnshift@=\dimen106
\alignsep@=\dimen107
\tagshift@=\dimen108
\tagwidth@=\dimen109
\totwidth@=\dimen110
\lineht@=\dimen111
\@envbody=\toks17
\multlinegap=\skip44
\multlinetaggap=\skip45
\mathdisplay@stack=\toks18
LaTeX Info: Redefining \[ on input line 2665.
LaTeX Info: Redefining \] on input line 2666.
)
("C:\Program Files\MiKTeX 2.9\tex\latex\amsfonts\amssymb.sty"
Package: amssymb 2013/01/14 v3.01 AMS font symbols

("C:\Program Files\MiKTeX 2.9\tex\latex\amsfonts\amsfonts.sty"
Package: amsfonts 2013/01/14 v3.01 Basic AMSFonts support
\symAMSa=\mathgroup4
\symAMSb=\mathgroup5
LaTeX Font Info:    Overwriting math alphabet `\mathfrak' in version `bold'
(Font)                  U/euf/m/n --> U/euf/b/n on input line 106.
))
("C:\Program Files\MiKTeX 2.9\tex\latex\hyperref\hyperref.sty"
Package: hyperref 2012/11/06 v6.83m Hypertext links for LaTeX

("C:\Program Files\MiKTeX 2.9\tex\generic\oberdiek\hobsub-hyperref.sty"
Package: hobsub-hyperref 2012/04/25 v1.12 Bundle oberdiek, subset hyperref (HO)


("C:\Program Files\MiKTeX 2.9\tex\generic\oberdiek\hobsub-generic.sty"
Package: hobsub-generic 2012/04/25 v1.12 Bundle oberdiek, subset generic (HO)
Package: hobsub 2012/04/25 v1.12 Construct package bundles (HO)
Package: infwarerr 2010/04/08 v1.3 Providing info/warning/error messages (HO)
Package: ltxcmds 2011/11/09 v1.22 LaTeX kernel commands for general use (HO)
Package: ifluatex 2010/03/01 v1.3 Provides the ifluatex switch (HO)
Package ifluatex Info: LuaTeX not detected.
Package: ifvtex 2010/03/01 v1.5 Detect VTeX and its facilities (HO)
Package ifvtex Info: VTeX not detected.
Package: intcalc 2007/09/27 v1.1 Expandable calculations with integers (HO)
Package: ifpdf 2011/01/30 v2.3 Provides the ifpdf switch (HO)
Package ifpdf Info: pdfTeX in PDF mode is detected.
Package: etexcmds 2011/02/16 v1.5 Avoid name clashes with e-TeX commands (HO)
Package etexcmds Info: Could not find \expanded.
(etexcmds)             That can mean that you are not using pdfTeX 1.50 or
(etexcmds)             that some package has redefined \expanded.
(etexcmds)             In the latter case, load this package earlier.
Package: kvsetkeys 2012/04/25 v1.16 Key value parser (HO)
Package: kvdefinekeys 2011/04/07 v1.3 Define keys (HO)
Package: pdftexcmds 2011/11/29 v0.20 Utility functions of pdfTeX for LuaTeX (HO
)
Package pdftexcmds Info: LuaTeX not detected.
Package pdftexcmds Info: \pdf@primitive is available.
Package pdftexcmds Info: \pdf@ifprimitive is available.
Package pdftexcmds Info: \pdfdraftmode found.
Package: pdfescape 2011/11/25 v1.13 Implements pdfTeX's escape features (HO)
Package: bigintcalc 2012/04/08 v1.3 Expandable calculations on big integers (HO
)
Package: bitset 2011/01/30 v1.1 Handle bit-vector datatype (HO)
Package: uniquecounter 2011/01/30 v1.2 Provide unlimited unique counter (HO)
)
Package hobsub Info: Skipping package `hobsub' (already loaded).
Package: letltxmacro 2010/09/02 v1.4 Let assignment for LaTeX macros (HO)
Package: hopatch 2011/06/24 v1.1 Wrapper for package hooks (HO)
Package: xcolor-patch 2011/01/30 xcolor patch
Package: atveryend 2011/06/30 v1.8 Hooks at the very end of document (HO)
Package atveryend Info: \enddocument detected (standard20110627).
Package: atbegshi 2011/10/05 v1.16 At begin shipout hook (HO)
Package: refcount 2011/10/16 v3.4 Data extraction from label references (HO)
Package: hycolor 2011/01/30 v1.7 Color options for hyperref/bookmark (HO)
)
("C:\Program Files\MiKTeX 2.9\tex\latex\graphics\keyval.sty"
Package: keyval 1999/03/16 v1.13 key=value parser (DPC)
\KV@toks@=\toks19
)
("C:\Program Files\MiKTeX 2.9\tex\generic\ifxetex\ifxetex.sty"
Package: ifxetex 2010/09/12 v0.6 Provides ifxetex conditional
)
("C:\Program Files\MiKTeX 2.9\tex\latex\oberdiek\auxhook.sty"
Package: auxhook 2011/03/04 v1.3 Hooks for auxiliary files (HO)
)
("C:\Program Files\MiKTeX 2.9\tex\latex\oberdiek\kvoptions.sty"
Package: kvoptions 2011/06/30 v3.11 Key value format for package options (HO)
)
\@linkdim=\dimen112
\Hy@linkcounter=\count118
\Hy@pagecounter=\count119

("C:\Program Files\MiKTeX 2.9\tex\latex\hyperref\pd1enc.def"
File: pd1enc.def 2012/11/06 v6.83m Hyperref: PDFDocEncoding definition (HO)
)
\Hy@SavedSpaceFactor=\count120

("C:\Program Files\MiKTeX 2.9\tex\latex\00miktex\hyperref.cfg"
File: hyperref.cfg 2002/06/06 v1.2 hyperref configuration of TeXLive
)
Package hyperref Info: Option `colorlinks' set `true' on input line 4319.
Package hyperref Info: Option `breaklinks' set `true' on input line 4319.
Package hyperref Info: Hyper figures OFF on input line 4443.
Package hyperref Info: Link nesting OFF on input line 4448.
Package hyperref Info: Hyper index ON on input line 4451.
Package hyperref Info: Plain pages OFF on input line 4458.
Package hyperref Info: Backreferencing OFF on input line 4463.
Package hyperref Info: Implicit mode ON; LaTeX internals redefined.
Package hyperref Info: Bookmarks ON on input line 4688.
\c@Hy@tempcnt=\count121

(C:\Users\Mauricio\AppData\Roaming\MiKTeX\2.9\tex\latex\url\url.sty
\Urlmuskip=\muskip11
Package: url 2013/09/16  ver 3.4  Verb mode for urls, etc.
)
LaTeX Info: Redefining \url on input line 5041.
\XeTeXLinkMargin=\dimen113
\Fld@menulength=\count122
\Field@Width=\dimen114
\Fld@charsize=\dimen115
Package hyperref Info: Hyper figures OFF on input line 6295.
Package hyperref Info: Link nesting OFF on input line 6300.
Package hyperref Info: Hyper index ON on input line 6303.
Package hyperref Info: backreferencing OFF on input line 6310.
Package hyperref Info: Link coloring ON on input line 6313.
Package hyperref Info: Link coloring with OCG OFF on input line 6320.
Package hyperref Info: PDF/A mode OFF on input line 6325.
LaTeX Info: Redefining \ref on input line 6365.
LaTeX Info: Redefining \pageref on input line 6369.
\Hy@abspage=\count123
\c@Item=\count124
\c@Hfootnote=\count125
)

Package hyperref Message: Driver (autodetected): hpdftex.

("C:\Program Files\MiKTeX 2.9\tex\latex\hyperref\hpdftex.def"
File: hpdftex.def 2012/11/06 v6.83m Hyperref driver for pdfTeX
\Fld@listcount=\count126
\c@bookmark@seq@number=\count127

("C:\Program Files\MiKTeX 2.9\tex\latex\oberdiek\rerunfilecheck.sty"
Package: rerunfilecheck 2011/04/15 v1.7 Rerun checks for auxiliary files (HO)
Package uniquecounter Info: New unique counter `rerunfilecheck' on input line 2
82.
)
\Hy@SectionHShift=\skip46
)
(C:\Users\Mauricio\AppData\Roaming\MiKTeX\2.9\tex\latex\breakurl\breakurl.sty
Package: breakurl 2013/04/10 v1.40 Breakable hyperref URLs

("C:\Program Files\MiKTeX 2.9\tex\latex\xkeyval\xkeyval.sty"
Package: xkeyval 2012/10/14 v2.6b package option processing (HA)

("C:\Program Files\MiKTeX 2.9\tex\generic\xkeyval\xkeyval.tex"
\XKV@toks=\toks20
\XKV@tempa@toks=\toks21
\XKV@depth=\count128
File: xkeyval.tex 2012/10/14 v2.6b key=value parser (HA)
))

Package breakurl Warning: You are using breakurl while processing via pdflatex.

(breakurl)                \burl will be just a synonym of \url.
(breakurl)                 on input line 48.

) (C:\Users\Mauricio\AppData\Roaming\MiKTeX\2.9\tex\latex\xcolor\xcolor.sty
Package: xcolor 2007/01/21 v2.11 LaTeX color extensions (UK)

("C:\Program Files\MiKTeX 2.9\tex\latex\00miktex\color.cfg"
File: color.cfg 2007/01/18 v1.5 color configuration of teTeX/TeXLive
)
Package xcolor Info: Driver file: pdftex.def on input line 225.

("C:\Program Files\MiKTeX 2.9\tex\latex\pdftex-def\pdftex.def"
File: pdftex.def 2011/05/27 v0.06d Graphics/color for pdfTeX
\Gread@gobject=\count129
)
Package xcolor Info: Model `cmy' substituted by `cmy0' on input line 1337.
Package xcolor Info: Model `hsb' substituted by `rgb' on input line 1341.
Package xcolor Info: Model `RGB' extended on input line 1353.
Package xcolor Info: Model `HTML' substituted by `rgb' on input line 1355.
Package xcolor Info: Model `Hsb' substituted by `hsb' on input line 1356.
Package xcolor Info: Model `tHsb' substituted by `hsb' on input line 1357.
Package xcolor Info: Model `HSB' substituted by `hsb' on input line 1358.
Package xcolor Info: Model `Gray' substituted by `gray' on input line 1359.
Package xcolor Info: Model `wave' substituted by `hsb' on input line 1360.
)
(C:\Users\Mauricio\AppData\Roaming\MiKTeX\2.9\tex\latex\natbib\natbib.sty
Package: natbib 2010/09/13 8.31b (PWD, AO)
\bibhang=\skip47
\bibsep=\skip48
LaTeX Info: Redefining \cite on input line 694.
\c@NAT@ctr=\count130
)
(C:\Users\Mauricio\AppData\Roaming\MiKTeX\2.9\tex\latex\tocbibind\tocbibind.sty
Package: tocbibind 2010/10/13 v1.5k extra ToC listings
Package tocbibind Info: The document has chapter divisions on input line 50.

Package tocbibind Note: Using chapter style headings, unless overridden.

) ("C:\Program Files\MiKTeX 2.9\tex\latex\graphics\graphicx.sty"
Package: graphicx 1999/02/16 v1.0f Enhanced LaTeX Graphics (DPC,SPQR)

("C:\Program Files\MiKTeX 2.9\tex\latex\graphics\graphics.sty"
Package: graphics 2009/02/05 v1.0o Standard LaTeX Graphics (DPC,SPQR)

("C:\Program Files\MiKTeX 2.9\tex\latex\graphics\trig.sty"
Package: trig 1999/03/16 v1.09 sin cos tan (DPC)
)
("C:\Program Files\MiKTeX 2.9\tex\latex\00miktex\graphics.cfg"
File: graphics.cfg 2007/01/18 v1.5 graphics configuration of teTeX/TeXLive
)
Package graphics Info: Driver file: pdftex.def on input line 91.
)
\Gin@req@height=\dimen116
\Gin@req@width=\dimen117
)
("C:\Program Files\MiKTeX 2.9\tex\latex\tools\longtable.sty"
Package: longtable 2004/02/01 v4.11 Multi-page Table package (DPC)
\LTleft=\skip49
\LTright=\skip50
\LTpre=\skip51
\LTpost=\skip52
\LTchunksize=\count131
\LTcapwidth=\dimen118
\LT@head=\box28
\LT@firsthead=\box29
\LT@foot=\box30
\LT@lastfoot=\box31
\LT@cols=\count132
\LT@rows=\count133
\c@LT@tables=\count134
\c@LT@chunks=\count135
\LT@p@ftn=\toks22
)
("C:\Program Files\MiKTeX 2.9\tex\latex\multirow\bigstrut.sty"
\bigstrutjot=\dimen119
)
("C:\Program Files\MiKTeX 2.9\tex\latex\tools\enumerate.sty"
Package: enumerate 1999/03/05 v3.00 enumerate extensions (DPC)
\@enLab=\toks23
)
(C:\Users\Mauricio\AppData\Roaming\MiKTeX\2.9\tex\latex\todonotes\todonotes.sty
Package: todonotes 2012/07/25 .dtx Todonotes source and documentation.
Package: todonotes 2012/07/25
("C:\Program Files\MiKTeX 2.9\tex\latex\base\ifthen.sty"
Package: ifthen 2001/05/26 v1.1c Standard LaTeX ifthen package (DPC)
)
(C:\Users\Mauricio\AppData\Roaming\MiKTeX\2.9\tex\latex\pgf\frontendlayer\tikz.
sty
(C:\Users\Mauricio\AppData\Roaming\MiKTeX\2.9\tex\latex\pgf\basiclayer\pgf.sty
(C:\Users\Mauricio\AppData\Roaming\MiKTeX\2.9\tex\latex\pgf\utilities\pgfrcs.st
y
(C:\Users\Mauricio\AppData\Roaming\MiKTeX\2.9\tex\generic\pgf\utilities\pgfutil
-common.tex
\pgfutil@everybye=\toks24
\pgfutil@tempdima=\dimen120
\pgfutil@tempdimb=\dimen121

(C:\Users\Mauricio\AppData\Roaming\MiKTeX\2.9\tex\generic\pgf\utilities\pgfutil
-common-lists.tex))
(C:\Users\Mauricio\AppData\Roaming\MiKTeX\2.9\tex\generic\pgf\utilities\pgfutil
-latex.def
\pgfutil@abb=\box32

(C:\Users\Mauricio\AppData\Roaming\MiKTeX\2.9\tex\latex\ms\everyshi.sty
Package: everyshi 2001/05/15 v3.00 EveryShipout Package (MS)
))
(C:\Users\Mauricio\AppData\Roaming\MiKTeX\2.9\tex\generic\pgf\utilities\pgfrcs.
code.tex
Package: pgfrcs 2013/12/20 v3.0.0 (rcs-revision 1.28)
))
Package: pgf 2013/12/18 v3.0.0 (rcs-revision 1.14)

(C:\Users\Mauricio\AppData\Roaming\MiKTeX\2.9\tex\latex\pgf\basiclayer\pgfcore.
sty
(C:\Users\Mauricio\AppData\Roaming\MiKTeX\2.9\tex\latex\pgf\systemlayer\pgfsys.
sty
(C:\Users\Mauricio\AppData\Roaming\MiKTeX\2.9\tex\generic\pgf\systemlayer\pgfsy
s.code.tex
Package: pgfsys 2013/11/30 v3.0.0 (rcs-revision 1.47)

(C:\Users\Mauricio\AppData\Roaming\MiKTeX\2.9\tex\generic\pgf\utilities\pgfkeys
.code.tex
\pgfkeys@pathtoks=\toks25
\pgfkeys@temptoks=\toks26

(C:\Users\Mauricio\AppData\Roaming\MiKTeX\2.9\tex\generic\pgf\utilities\pgfkeys
filtered.code.tex
\pgfkeys@tmptoks=\toks27
))
\pgf@x=\dimen122
\pgf@y=\dimen123
\pgf@xa=\dimen124
\pgf@ya=\dimen125
\pgf@xb=\dimen126
\pgf@yb=\dimen127
\pgf@xc=\dimen128
\pgf@yc=\dimen129
\w@pgf@writea=\write3
\r@pgf@reada=\read1
\c@pgf@counta=\count136
\c@pgf@countb=\count137
\c@pgf@countc=\count138
\c@pgf@countd=\count139
\t@pgf@toka=\toks28
\t@pgf@tokb=\toks29
\t@pgf@tokc=\toks30

(C:\Users\Mauricio\AppData\Roaming\MiKTeX\2.9\tex\generic\pgf\systemlayer\pgf.c
fg
File: pgf.cfg 2008/05/14  (rcs-revision 1.7)
)
Driver file for pgf: pgfsys-pdftex.def

(C:\Users\Mauricio\AppData\Roaming\MiKTeX\2.9\tex\generic\pgf\systemlayer\pgfsy
s-pdftex.def
File: pgfsys-pdftex.def 2013/07/18  (rcs-revision 1.33)

(C:\Users\Mauricio\AppData\Roaming\MiKTeX\2.9\tex\generic\pgf\systemlayer\pgfsy
s-common-pdf.def
File: pgfsys-common-pdf.def 2013/10/10  (rcs-revision 1.13)
)))
(C:\Users\Mauricio\AppData\Roaming\MiKTeX\2.9\tex\generic\pgf\systemlayer\pgfsy
ssoftpath.code.tex
File: pgfsyssoftpath.code.tex 2013/09/09  (rcs-revision 1.9)
\pgfsyssoftpath@smallbuffer@items=\count140
\pgfsyssoftpath@bigbuffer@items=\count141
)
(C:\Users\Mauricio\AppData\Roaming\MiKTeX\2.9\tex\generic\pgf\systemlayer\pgfsy
sprotocol.code.tex
File: pgfsysprotocol.code.tex 2006/10/16  (rcs-revision 1.4)
))
(C:\Users\Mauricio\AppData\Roaming\MiKTeX\2.9\tex\generic\pgf\basiclayer\pgfcor
e.code.tex
Package: pgfcore 2010/04/11 v3.0.0 (rcs-revision 1.7)

(C:\Users\Mauricio\AppData\Roaming\MiKTeX\2.9\tex\generic\pgf\math\pgfmath.code
.tex
(C:\Users\Mauricio\AppData\Roaming\MiKTeX\2.9\tex\generic\pgf\math\pgfmathcalc.
code.tex
(C:\Users\Mauricio\AppData\Roaming\MiKTeX\2.9\tex\generic\pgf\math\pgfmathutil.
code.tex)
(C:\Users\Mauricio\AppData\Roaming\MiKTeX\2.9\tex\generic\pgf\math\pgfmathparse
r.code.tex
\pgfmath@dimen=\dimen130
\pgfmath@count=\count142
\pgfmath@box=\box33
\pgfmath@toks=\toks31
\pgfmath@stack@operand=\toks32
\pgfmath@stack@operation=\toks33
)
(C:\Users\Mauricio\AppData\Roaming\MiKTeX\2.9\tex\generic\pgf\math\pgfmathfunct
ions.code.tex
(C:\Users\Mauricio\AppData\Roaming\MiKTeX\2.9\tex\generic\pgf\math\pgfmathfunct
ions.basic.code.tex)
(C:\Users\Mauricio\AppData\Roaming\MiKTeX\2.9\tex\generic\pgf\math\pgfmathfunct
ions.trigonometric.code.tex)
(C:\Users\Mauricio\AppData\Roaming\MiKTeX\2.9\tex\generic\pgf\math\pgfmathfunct
ions.random.code.tex)
(C:\Users\Mauricio\AppData\Roaming\MiKTeX\2.9\tex\generic\pgf\math\pgfmathfunct
ions.comparison.code.tex)
(C:\Users\Mauricio\AppData\Roaming\MiKTeX\2.9\tex\generic\pgf\math\pgfmathfunct
ions.base.code.tex)
(C:\Users\Mauricio\AppData\Roaming\MiKTeX\2.9\tex\generic\pgf\math\pgfmathfunct
ions.round.code.tex)
(C:\Users\Mauricio\AppData\Roaming\MiKTeX\2.9\tex\generic\pgf\math\pgfmathfunct
ions.misc.code.tex)
(C:\Users\Mauricio\AppData\Roaming\MiKTeX\2.9\tex\generic\pgf\math\pgfmathfunct
ions.integerarithmetics.code.tex)))
(C:\Users\Mauricio\AppData\Roaming\MiKTeX\2.9\tex\generic\pgf\math\pgfmathfloat
.code.tex
\c@pgfmathroundto@lastzeros=\count143
))
(C:\Users\Mauricio\AppData\Roaming\MiKTeX\2.9\tex\generic\pgf\basiclayer\pgfcor
epoints.code.tex
File: pgfcorepoints.code.tex 2013/10/07  (rcs-revision 1.27)
\pgf@picminx=\dimen131
\pgf@picmaxx=\dimen132
\pgf@picminy=\dimen133
\pgf@picmaxy=\dimen134
\pgf@pathminx=\dimen135
\pgf@pathmaxx=\dimen136
\pgf@pathminy=\dimen137
\pgf@pathmaxy=\dimen138
\pgf@xx=\dimen139
\pgf@xy=\dimen140
\pgf@yx=\dimen141
\pgf@yy=\dimen142
\pgf@zx=\dimen143
\pgf@zy=\dimen144
)
(C:\Users\Mauricio\AppData\Roaming\MiKTeX\2.9\tex\generic\pgf\basiclayer\pgfcor
epathconstruct.code.tex
File: pgfcorepathconstruct.code.tex 2013/10/07  (rcs-revision 1.29)
\pgf@path@lastx=\dimen145
\pgf@path@lasty=\dimen146
)
(C:\Users\Mauricio\AppData\Roaming\MiKTeX\2.9\tex\generic\pgf\basiclayer\pgfcor
epathusage.code.tex
File: pgfcorepathusage.code.tex 2013/12/13  (rcs-revision 1.23)
\pgf@shorten@end@additional=\dimen147
\pgf@shorten@start@additional=\dimen148
)
(C:\Users\Mauricio\AppData\Roaming\MiKTeX\2.9\tex\generic\pgf\basiclayer\pgfcor
escopes.code.tex
File: pgfcorescopes.code.tex 2013/10/09  (rcs-revision 1.44)
\pgfpic=\box34
\pgf@hbox=\box35
\pgf@layerbox@main=\box36
\pgf@picture@serial@count=\count144
)
(C:\Users\Mauricio\AppData\Roaming\MiKTeX\2.9\tex\generic\pgf\basiclayer\pgfcor
egraphicstate.code.tex
File: pgfcoregraphicstate.code.tex 2013/09/19  (rcs-revision 1.11)
\pgflinewidth=\dimen149
)
(C:\Users\Mauricio\AppData\Roaming\MiKTeX\2.9\tex\generic\pgf\basiclayer\pgfcor
etransformations.code.tex
File: pgfcoretransformations.code.tex 2013/10/10  (rcs-revision 1.17)
\pgf@pt@x=\dimen150
\pgf@pt@y=\dimen151
\pgf@pt@temp=\dimen152
)
(C:\Users\Mauricio\AppData\Roaming\MiKTeX\2.9\tex\generic\pgf\basiclayer\pgfcor
equick.code.tex
File: pgfcorequick.code.tex 2008/10/09  (rcs-revision 1.3)
)
(C:\Users\Mauricio\AppData\Roaming\MiKTeX\2.9\tex\generic\pgf\basiclayer\pgfcor
eobjects.code.tex
File: pgfcoreobjects.code.tex 2006/10/11  (rcs-revision 1.2)
)
(C:\Users\Mauricio\AppData\Roaming\MiKTeX\2.9\tex\generic\pgf\basiclayer\pgfcor
epathprocessing.code.tex
File: pgfcorepathprocessing.code.tex 2013/09/09  (rcs-revision 1.9)
)
(C:\Users\Mauricio\AppData\Roaming\MiKTeX\2.9\tex\generic\pgf\basiclayer\pgfcor
earrows.code.tex
File: pgfcorearrows.code.tex 2013/11/07  (rcs-revision 1.40)
\pgfarrowsep=\dimen153
)
(C:\Users\Mauricio\AppData\Roaming\MiKTeX\2.9\tex\generic\pgf\basiclayer\pgfcor
eshade.code.tex
File: pgfcoreshade.code.tex 2013/07/15  (rcs-revision 1.15)
\pgf@max=\dimen154
\pgf@sys@shading@range@num=\count145
)
(C:\Users\Mauricio\AppData\Roaming\MiKTeX\2.9\tex\generic\pgf\basiclayer\pgfcor
eimage.code.tex
File: pgfcoreimage.code.tex 2013/07/15  (rcs-revision 1.18)

(C:\Users\Mauricio\AppData\Roaming\MiKTeX\2.9\tex\generic\pgf\basiclayer\pgfcor
eexternal.code.tex
File: pgfcoreexternal.code.tex 2013/07/15  (rcs-revision 1.20)
\pgfexternal@startupbox=\box37
))
(C:\Users\Mauricio\AppData\Roaming\MiKTeX\2.9\tex\generic\pgf\basiclayer\pgfcor
elayers.code.tex
File: pgfcorelayers.code.tex 2013/07/18  (rcs-revision 1.7)
)
(C:\Users\Mauricio\AppData\Roaming\MiKTeX\2.9\tex\generic\pgf\basiclayer\pgfcor
etransparency.code.tex
File: pgfcoretransparency.code.tex 2013/09/30  (rcs-revision 1.5)
)
(C:\Users\Mauricio\AppData\Roaming\MiKTeX\2.9\tex\generic\pgf\basiclayer\pgfcor
epatterns.code.tex
File: pgfcorepatterns.code.tex 2013/11/07  (rcs-revision 1.5)
)))
(C:\Users\Mauricio\AppData\Roaming\MiKTeX\2.9\tex\generic\pgf\modules\pgfmodule
shapes.code.tex
File: pgfmoduleshapes.code.tex 2013/10/31  (rcs-revision 1.34)
\pgfnodeparttextbox=\box38
)
(C:\Users\Mauricio\AppData\Roaming\MiKTeX\2.9\tex\generic\pgf\modules\pgfmodule
plot.code.tex
File: pgfmoduleplot.code.tex 2013/07/31  (rcs-revision 1.12)
)
(C:\Users\Mauricio\AppData\Roaming\MiKTeX\2.9\tex\latex\pgf\compatibility\pgfco
mp-version-0-65.sty
Package: pgfcomp-version-0-65 2007/07/03 v3.0.0 (rcs-revision 1.7)
\pgf@nodesepstart=\dimen155
\pgf@nodesepend=\dimen156
)
(C:\Users\Mauricio\AppData\Roaming\MiKTeX\2.9\tex\latex\pgf\compatibility\pgfco
mp-version-1-18.sty
Package: pgfcomp-version-1-18 2007/07/23 v3.0.0 (rcs-revision 1.1)
))
(C:\Users\Mauricio\AppData\Roaming\MiKTeX\2.9\tex\latex\pgf\utilities\pgffor.st
y
(C:\Users\Mauricio\AppData\Roaming\MiKTeX\2.9\tex\latex\pgf\utilities\pgfkeys.s
ty
(C:\Users\Mauricio\AppData\Roaming\MiKTeX\2.9\tex\generic\pgf\utilities\pgfkeys
.code.tex))
(C:\Users\Mauricio\AppData\Roaming\MiKTeX\2.9\tex\latex\pgf\math\pgfmath.sty
(C:\Users\Mauricio\AppData\Roaming\MiKTeX\2.9\tex\generic\pgf\math\pgfmath.code
.tex))
(C:\Users\Mauricio\AppData\Roaming\MiKTeX\2.9\tex\generic\pgf\utilities\pgffor.
code.tex
Package: pgffor 2013/12/13 v3.0.0 (rcs-revision 1.25)

(C:\Users\Mauricio\AppData\Roaming\MiKTeX\2.9\tex\generic\pgf\math\pgfmath.code
.tex)
\pgffor@iter=\dimen157
\pgffor@skip=\dimen158
\pgffor@stack=\toks34
\pgffor@toks=\toks35
))
(C:\Users\Mauricio\AppData\Roaming\MiKTeX\2.9\tex\generic\pgf\frontendlayer\tik
z\tikz.code.tex
Package: tikz 2013/12/13 v3.0.0 (rcs-revision 1.142)

(C:\Users\Mauricio\AppData\Roaming\MiKTeX\2.9\tex\generic\pgf\libraries\pgflibr
aryplothandlers.code.tex
File: pgflibraryplothandlers.code.tex 2013/08/31 v3.0.0 (rcs-revision 1.20)
\pgf@plot@mark@count=\count146
\pgfplotmarksize=\dimen159
)
\tikz@lastx=\dimen160
\tikz@lasty=\dimen161
\tikz@lastxsaved=\dimen162
\tikz@lastysaved=\dimen163
\tikzleveldistance=\dimen164
\tikzsiblingdistance=\dimen165
\tikz@figbox=\box39
\tikz@figbox@bg=\box40
\tikz@tempbox=\box41
\tikz@tempbox@bg=\box42
\tikztreelevel=\count147
\tikznumberofchildren=\count148
\tikznumberofcurrentchild=\count149
\tikz@fig@count=\count150

(C:\Users\Mauricio\AppData\Roaming\MiKTeX\2.9\tex\generic\pgf\modules\pgfmodule
matrix.code.tex
File: pgfmodulematrix.code.tex 2013/09/17  (rcs-revision 1.8)
\pgfmatrixcurrentrow=\count151
\pgfmatrixcurrentcolumn=\count152
\pgf@matrix@numberofcolumns=\count153
)
\tikz@expandcount=\count154

(C:\Users\Mauricio\AppData\Roaming\MiKTeX\2.9\tex\generic\pgf\frontendlayer\tik
z\libraries\tikzlibrarytopaths.code.tex
File: tikzlibrarytopaths.code.tex 2008/06/17 v3.0.0 (rcs-revision 1.2)
)))
(C:\Users\Mauricio\AppData\Roaming\MiKTeX\2.9\tex\generic\pgf\frontendlayer\tik
z\libraries\tikzlibrarypositioning.code.tex
File: tikzlibrarypositioning.code.tex 2008/10/06 v3.0.0 (rcs-revision 1.7)
)
("C:\Program Files\MiKTeX 2.9\tex\latex\tools\calc.sty"
Package: calc 2007/08/22 v4.3 Infix arithmetic (KKT,FJ)
\calc@Acount=\count155
\calc@Bcount=\count156
\calc@Adimen=\dimen166
\calc@Bdimen=\dimen167
\calc@Askip=\skip53
\calc@Bskip=\skip54
LaTeX Info: Redefining \setlength on input line 76.
LaTeX Info: Redefining \addtolength on input line 77.
\calc@Ccount=\count157
\calc@Cskip=\skip55
)
\c@@todonotes@numberoftodonotes=\count158
)
("C:\Program Files\MiKTeX 2.9\tex\latex\base\makeidx.sty"
Package: makeidx 2000/03/29 v1.0m Standard LaTeX package
)
\@indexfile=\write4

Writing index file main.idx
)
("C:\Users\Mauricio\Google Drive\My teaching\Latex\Book\Document (one file)\set
tings/page.tex" ("C:\Program Files\MiKTeX 2.9\tex\latex\geometry\geometry.sty"
Package: geometry 2010/09/12 v5.6 Page Geometry
\Gm@cnth=\count159
\Gm@cntv=\count160
\c@Gm@tempcnt=\count161
\Gm@bindingoffset=\dimen168
\Gm@wd@mp=\dimen169
\Gm@odd@mp=\dimen170
\Gm@even@mp=\dimen171
\Gm@layoutwidth=\dimen172
\Gm@layoutheight=\dimen173
\Gm@layouthoffset=\dimen174
\Gm@layoutvoffset=\dimen175
\Gm@dimlist=\toks36

("C:\Program Files\MiKTeX 2.9\tex\latex\geometry\geometry.cfg")))
(C:\Users\Mauricio\AppData\Roaming\MiKTeX\2.9\tex\latex\fancyhdr\fancyhdr.sty
\fancy@headwidth=\skip56
\f@ncyO@elh=\skip57
\f@ncyO@erh=\skip58
\f@ncyO@olh=\skip59
\f@ncyO@orh=\skip60
\f@ncyO@elf=\skip61
\f@ncyO@erf=\skip62
\f@ncyO@olf=\skip63
\f@ncyO@orf=\skip64
)
("C:\Users\Mauricio\Google Drive\My teaching\Latex\Book\Document (one file)\set
tings/macros.tex")
("C:\Users\Mauricio\Google Drive\My teaching\Latex\Book\Document (one file)\mai
n.aux")
LaTeX Font Info:    Checking defaults for OML/cmm/m/it on input line 19.
LaTeX Font Info:    ... okay on input line 19.
LaTeX Font Info:    Checking defaults for T1/cmr/m/n on input line 19.
LaTeX Font Info:    ... okay on input line 19.
LaTeX Font Info:    Checking defaults for OT1/cmr/m/n on input line 19.
LaTeX Font Info:    ... okay on input line 19.
LaTeX Font Info:    Checking defaults for OMS/cmsy/m/n on input line 19.
LaTeX Font Info:    ... okay on input line 19.
LaTeX Font Info:    Checking defaults for OMX/cmex/m/n on input line 19.
LaTeX Font Info:    ... okay on input line 19.
LaTeX Font Info:    Checking defaults for U/cmr/m/n on input line 19.
LaTeX Font Info:    ... okay on input line 19.
LaTeX Font Info:    Checking defaults for PD1/pdf/m/n on input line 19.
LaTeX Font Info:    ... okay on input line 19.
\AtBeginShipoutBox=\box43
Package hyperref Info: Link coloring ON on input line 19.
 ("C:\Program Files\MiKTeX 2.9\tex\latex\hyperref\nameref.sty"
Package: nameref 2012/10/27 v2.43 Cross-referencing by name of section

("C:\Program Files\MiKTeX 2.9\tex\generic\oberdiek\gettitlestring.sty"
Package: gettitlestring 2010/12/03 v1.4 Cleanup title references (HO)
)
\c@section@level=\count162
)
LaTeX Info: Redefining \ref on input line 19.
LaTeX Info: Redefining \pageref on input line 19.
LaTeX Info: Redefining \nameref on input line 19.

("C:\Users\Mauricio\Google Drive\My teaching\Latex\Book\Document (one file)\mai
n.out")
("C:\Users\Mauricio\Google Drive\My teaching\Latex\Book\Document (one file)\mai
n.out")
\@outlinefile=\write5

(C:\Users\Mauricio\AppData\Roaming\MiKTeX\2.9\tex\context\base\supp-pdf.mkii
[Loading MPS to PDF converter (version 2006.09.02).]
\scratchcounter=\count163
\scratchdimen=\dimen176
\scratchbox=\box44
\nofMPsegments=\count164
\nofMParguments=\count165
\everyMPshowfont=\toks37
\MPscratchCnt=\count166
\MPscratchDim=\dimen177
\MPnumerator=\count167
\makeMPintoPDFobject=\count168
\everyMPtoPDFconversion=\toks38
) ABD: EveryShipout initializing macros
*geometry* driver: auto-detecting
*geometry* detected driver: pdftex
*geometry* verbose mode - [ preamble ] result:
* driver: pdftex
* paper: a4paper
* layout: <same size as paper>
* layoutoffset:(h,v)=(0.0pt,0.0pt)
* modes: twoside 
* h-part:(L,W,R)=(71.13188pt, 455.24411pt, 71.13188pt)
* v-part:(T,H,B)=(56.9055pt, 736.9263pt, 51.21504pt)
* \paperwidth=597.50787pt
* \paperheight=845.04684pt
* \textwidth=455.24411pt
* \textheight=736.9263pt
* \oddsidemargin=-1.1381pt
* \evensidemargin=-1.1381pt
* \topmargin=-45.43198pt
* \headheight=12.0pt
* \headsep=18.06749pt
* \topskip=10.0pt
* \footskip=25.29494pt
* \marginparwidth=115.0pt
* \marginparsep=7.0pt
* \columnsep=10.0pt
* \skip\footins=9.0pt plus 4.0pt minus 2.0pt
* \hoffset=0.0pt
* \voffset=0.0pt
* \mag=1000
* \@twocolumnfalse
* \@twosidetrue
* \@mparswitchtrue
* \@reversemarginfalse
* (1in=72.27pt=25.4mm, 1cm=28.453pt)

LaTeX Font Info:    Try loading font information for U+msa on input line 30.
("C:\Program Files\MiKTeX 2.9\tex\latex\amsfonts\umsa.fd"
File: umsa.fd 2013/01/14 v3.01 AMS symbols A
)
LaTeX Font Info:    Try loading font information for U+msb on input line 30.

("C:\Program Files\MiKTeX 2.9\tex\latex\amsfonts\umsb.fd"
File: umsb.fd 2013/01/14 v3.01 AMS symbols B
) [1


{C:/Users/Mauricio/AppData/Local/MiKTeX/2.9/pdftex/config/pdftex.map}]
("C:\Users\Mauricio\Google Drive\My teaching\Latex\Book\Document (one file)\con
tent/title_page_1.tex" [2

]
<figures/cube.png, id=148, 287.57437pt x 296.60812pt>
File: figures/cube.png Graphic file (type png)
 <use figures/cube.png>
Package pdftex.def Info: figures/cube.png used on input line 92.
(pdftex.def)             Requested size: 91.04742pt x 93.90726pt.
pdfTeX warning (ext4): destination with the same identifier (name{page.1}) has 
been already used, duplicate ignored
<to be read again> 
                   \relax 
l.98 \end{titlepage}
                     [1 <C:/Users/Mauricio/Google Drive/My teaching/Latex/Book/
Document (one file)/figures/cube.png>])pdfTeX warning (ext4): destination with 
the same identifier (name{page.2}) has been already used, duplicate ignored
<to be read again> 
                   \relax 
l.34 \tableofcontents
                      [2

]
("C:\Users\Mauricio\Google Drive\My teaching\Latex\Book\Document (one file)\mai
n.tdo")
\tf@tdo=\write6
 [3] [4

]
("C:\Users\Mauricio\Google Drive\My teaching\Latex\Book\Document (one file)\mai
n.toc")
\tf@toc=\write7
 [5] [6

]
Chapter 1.
[7]
Underfull \vbox (badness 4144) has occurred while \output is active []

 [8]
LaTeX Font Info:    Try loading font information for OMS+cmr on input line 80.

("C:\Program Files\MiKTeX 2.9\tex\latex\base\omscmr.fd"
File: omscmr.fd 1999/05/25 v2.5h Standard LaTeX font definitions
)
LaTeX Font Info:    Font shape `OMS/cmr/m/it' in size <10> not available
(Font)              Font shape `OMS/cmsy/m/n' tried instead on input line 80.
 [9] [10

]
Chapter 2.
[11]
LaTeX Font Info:    Try loading font information for U+euf on input line 211.
 ("C:\Program Files\MiKTeX 2.9\tex\latex\amsfonts\ueuf.fd"
File: ueuf.fd 2013/01/14 v3.01 Euler Fraktur
) [12]
Chapter 3.
[13

] [14

]
Chapter 4.
File: figures/cube.png Graphic file (type png)
<use figures/cube.png>
Package pdftex.def Info: figures/cube.png used on input line 276.
(pdftex.def)             Requested size: 136.57462pt x 140.86769pt.
 [15] [16]
LaTeX Font Info:    Font shape `OMS/cmr/m/n' in size <10> not available
(Font)              Font shape `OMS/cmsy/m/n' tried instead on input line 419.
 [17] [18

]
Chapter 5.
Package hyperref Info: bookmark level for unknown todo defaults to 0 on input l
ine 449.
[19] [20

]
Appendix A.
[21] [22

]
Appendix B.

("C:\Users\Mauricio\Google Drive\My teaching\Latex\Book\Document (one file)\mai
n.bbl" [23] [24

]) [25] [26

]
("C:\Users\Mauricio\Google Drive\My teaching\Latex\Book\Document (one file)\mai
n.lof")
\tf@lof=\write8
 [27] [28

]
("C:\Users\Mauricio\Google Drive\My teaching\Latex\Book\Document (one file)\mai
n.lot")
\tf@lot=\write9

("C:\Users\Mauricio\Google Drive\My teaching\Latex\Book\Document (one file)\mai
n.ind" [29] [30


])
Package atveryend Info: Empty hook `BeforeClearDocument' on input line 510.
Package atveryend Info: Empty hook `AfterLastShipout' on input line 510.

("C:\Users\Mauricio\Google Drive\My teaching\Latex\Book\Document (one file)\mai
n.aux")
Package atveryend Info: Executing hook `AtVeryEndDocument' on input line 510.
Package atveryend Info: Executing hook `AtEndAfterFileList' on input line 510.
Package rerunfilecheck Info: File `main.out' has not changed.
(rerunfilecheck)             Checksum: 46B91368EDD9B1986AD82A5848A476CE;2004.
Package atveryend Info: Empty hook `AtVeryVeryEnd' on input line 510.
 ) 
Here is how much of TeX's memory you used:
 17753 strings out of 493921
 328304 string characters out of 3147272
 395163 words of memory out of 3000000
 20588 multiletter control sequences out of 15000+200000
 24565 words of font info for 91 fonts, out of 3000000 for 9000
 841 hyphenation exceptions out of 8191
 64i,11n,76p,797b,693s stack positions out of 5000i,500n,10000p,200000b,50000s
<C:/Program Files/MiKTeX 2.9/fonts/type1/public/amsfonts/cm/cmbx10.pfb><C:/Pr
ogram Files/MiKTeX 2.9/fonts/type1/public/amsfonts/cm/cmbx12.pfb><C:/Program Fi
les/MiKTeX 2.9/fonts/type1/public/amsfonts/cm/cmbx7.pfb><C:/Program Files/MiKTe
X 2.9/fonts/type1/public/amsfonts/cm/cmbxti10.pfb><C:/Program Files/MiKTeX 2.9/
fonts/type1/public/amsfonts/cm/cmcsc10.pfb><C:/Program Files/MiKTeX 2.9/fonts/t
ype1/public/amsfonts/cm/cmex10.pfb><C:/Program Files/MiKTeX 2.9/fonts/type1/pub
lic/amsfonts/cm/cmmi10.pfb><C:/Program Files/MiKTeX 2.9/fonts/type1/public/amsf
onts/cm/cmmi7.pfb><C:/Program Files/MiKTeX 2.9/fonts/type1/public/amsfonts/cm/c
mmib10.pfb><C:/Program Files/MiKTeX 2.9/fonts/type1/public/amsfonts/cm/cmr10.pf
b><C:/Program Files/MiKTeX 2.9/fonts/type1/public/amsfonts/cm/cmr12.pfb><C:/Pro
gram Files/MiKTeX 2.9/fonts/type1/public/amsfonts/cm/cmr17.pfb><C:/Program File
s/MiKTeX 2.9/fonts/type1/public/amsfonts/cm/cmr6.pfb><C:/Program Files/MiKTeX 2
.9/fonts/type1/public/amsfonts/cm/cmr7.pfb><C:/Program Files/MiKTeX 2.9/fonts/t
ype1/public/amsfonts/cm/cmr8.pfb><C:/Program Files/MiKTeX 2.9/fonts/type1/publi
c/amsfonts/cm/cmsl10.pfb><C:/Program Files/MiKTeX 2.9/fonts/type1/public/amsfon
ts/cm/cmss10.pfb><C:/Program Files/MiKTeX 2.9/fonts/type1/public/amsfonts/cm/cm
sy10.pfb><C:/Program Files/MiKTeX 2.9/fonts/type1/public/amsfonts/cm/cmti10.pfb
><C:/Program Files/MiKTeX 2.9/fonts/type1/public/amsfonts/cm/cmti12.pfb><C:/Pro
gram Files/MiKTeX 2.9/fonts/type1/public/amsfonts/cm/cmtt10.pfb><C:/Program Fil
es/MiKTeX 2.9/fonts/type1/public/amsfonts/euler/eufm10.pfb><C:/Program Files/Mi
KTeX 2.9/fonts/type1/public/amsfonts/symbols/msbm10.pfb>
Output written on main.pdf (32 pages, 343495 bytes).
PDF statistics:
 479 PDF objects out of 1000 (max. 8388607)
 88 named destinations out of 1000 (max. 500000)
 282 words of extra memory for PDF output out of 10000 (max. 10000000)

