This is pdfTeX, Version 3.14159265-2.6-1.40.16 (TeX Live 2015) (preloaded format=pdflatex 2015.10.11)  12 OCT 2015 01:35
entering extended mode
 restricted \write18 enabled.
 %&-line parsing enabled.
**"/Volumes/Mac OS Drive/Thesis/Code/Working/Reporting/Templates/PhD MPhil Thes
is of University of Cambridge/Chapter1/chapter1.tex"

(/Volumes/Mac OS Drive/Thesis/Code/Working/Reporting/Templates/PhD MPhil Thesis
 of University of Cambridge/Chapter1/chapter1.tex
LaTeX2e <2015/01/01>
Babel <3.9l> and hyphenation patterns for 79 languages loaded.
! Undefined control sequence.
l.7 \chapter
            {My First Chapter But Note The Numbering ...}
? 
! Emergency stop.
l.7 \chapter
            {My First Chapter But Note The Numbering ...}
End of file on the terminal!

 
Here is how much of TeX's memory you used:
 6 strings out of 493089
 476 string characters out of 6134841
 53199 words of memory out of 5000000
 3590 multiletter control sequences out of 15000+600000
 3640 words of font info for 14 fonts, out of 8000000 for 9000
 1141 hyphenation exceptions out of 8191
 5i,0n,1p,185b,8s stack positions out of 5000i,500n,10000p,200000b,80000s
!  ==> Fatal error occurred, no output PDF file produced!
