\BOOKMARK [0][-]{chapter.1}{Mathekram}{}% 1
\BOOKMARK [1][-]{section.1.1}{Gleichungen}{chapter.1}% 2
\BOOKMARK [1][-]{section.1.2}{Mathe im Text}{chapter.1}% 3
\BOOKMARK [1][-]{section.1.3}{Matrizen}{chapter.1}% 4
\BOOKMARK [0][-]{chapter.2}{Seite einrichten und Inhaltsverzeichnis}{}% 5
\BOOKMARK [1][-]{section.2.1}{R\344nder}{chapter.2}% 6
\BOOKMARK [0][-]{chapter.3}{ITFS}{}% 7
\BOOKMARK [1][-]{section.3.1}{Inhalt}{chapter.3}% 8
\BOOKMARK [1][-]{section.3.2}{Automatische Referenzen}{chapter.3}% 9
\BOOKMARK [1][-]{section.3.3}{Tabellen}{chapter.3}% 10
\BOOKMARK [1][-]{section.3.4}{Figuren}{chapter.3}% 11
\BOOKMARK [1][-]{section.3.5}{Automatische Sprache}{chapter.3}% 12
\BOOKMARK [1][-]{section.3.6}{Listen der Tabellen und Figuren}{chapter.3}% 13
\BOOKMARK [0][-]{chapter.4}{LWMM}{}% 14
\BOOKMARK [1][-]{section.4.1}{Literaturreferenzen}{chapter.4}% 15
\BOOKMARK [1][-]{section.4.2}{Weblink und Mail}{chapter.4}% 16
\BOOKMARK [1][-]{section.4.3}{Eigene Macros}{chapter.4}% 17
\BOOKMARK [0][-]{chapter.5}{Index und Appendix}{}% 18
\BOOKMARK [1][-]{section.5.1}{Index erstellen}{chapter.5}% 19
\BOOKMARK [1][-]{section.5.2}{Fu\337noten}{chapter.5}% 20
\BOOKMARK [1][-]{section.5.3}{Appendix}{chapter.5}% 21
\BOOKMARK [0][-]{section.5.3}{Literatur}{}% 22
\BOOKMARK [0][-]{appendix.A}{Extensive Rechnung}{}% 23
\BOOKMARK [1][-]{section.A.1}{Blabla}{appendix.A}% 24
\BOOKMARK [2][-]{subsection.A.1.1}{Blublu}{section.A.1}% 25
\BOOKMARK [0][-]{equation.A.1.1}{Tabellenverzeichnis}{}% 26
\BOOKMARK [0][-]{appendix*.8}{Abbildungsverzeichnis}{}% 27
\BOOKMARK [0][-]{appendix*.9}{Index}{}% 28
