This is pdfTeX, Version 3.14159265-2.6-1.40.16 (TeX Live 2015) (preloaded format=pdflatex 2015.10.11)  12 OCT 2015 02:25
entering extended mode
 restricted \write18 enabled.
 %&-line parsing enabled.
**/Volumes/Mac OS Drive/Thesis/Code/Working/Reporting/Templates/PhD MPhil Thesi
s of University of Cambridge/thesis.tex
(/Volumes/Mac
LaTeX2e <2015/01/01>
Babel <3.9l> and hyphenation patterns for 79 languages loaded.
)

! LaTeX Error: Missing \begin{document}.

See the LaTeX manual or LaTeX Companion for explanation.
Type  H <return>  for immediate help.
 ...                                              
                                                  
<*> /Volumes/Mac O
                  S Drive/Thesis/Code/Working/Reporting/Templates/PhD MPhil ...

? 
! Emergency stop.
 ...                                              
                                                  
<*> /Volumes/Mac O
                  S Drive/Thesis/Code/Working/Reporting/Templates/PhD MPhil ...

You're in trouble here.  Try typing  <return>  to proceed.
If that doesn't work, type  X <return>  to quit.

 
Here is how much of TeX's memory you used:
 7 strings out of 493089
 261 string characters out of 6134841
 53199 words of memory out of 5000000
 3590 multiletter control sequences out of 15000+600000
 3640 words of font info for 14 fonts, out of 8000000 for 9000
 1141 hyphenation exceptions out of 8191
 5i,0n,4p,1b,14s stack positions out of 5000i,500n,10000p,200000b,80000s
!  ==> Fatal error occurred, no output PDF file produced!
